2024-06-20T15:25:37.034+07:00  INFO 4008 --- [BookstoreAdmin] [restartedMain] c.b.admin.BookstoreAdminApplication      : Starting BookstoreAdminApplication using Java 21.0.1 with PID 4008 (C:\Users\LENOVO\Desktop\BookstoreSummer2024\BookstoreSummer2024\BookstoreWeb\BookstoreAdmin\target\classes started by LENOVO in C:\Users\LENOVO\Desktop\BookstoreSummer2024\BookstoreSummer2024\BookstoreWeb\BookstoreAdmin)
2024-06-20T15:25:37.038+07:00  INFO 4008 --- [BookstoreAdmin] [restartedMain] c.b.admin.BookstoreAdminApplication      : No active profile set, falling back to 1 default profile: "default"
2024-06-20T15:25:37.087+07:00  INFO 4008 --- [BookstoreAdmin] [restartedMain] .e.DevToolsPropertyDefaultsPostProcessor : Devtools property defaults active! Set 'spring.devtools.add-properties' to 'false' to disable
2024-06-20T15:25:37.088+07:00  INFO 4008 --- [BookstoreAdmin] [restartedMain] .e.DevToolsPropertyDefaultsPostProcessor : For additional web related logging consider setting the 'logging.level.web' property to 'DEBUG'
2024-06-20T15:25:37.861+07:00  INFO 4008 --- [BookstoreAdmin] [restartedMain] .s.d.r.c.RepositoryConfigurationDelegate : Bootstrapping Spring Data JPA repositories in DEFAULT mode.
2024-06-20T15:25:37.931+07:00  INFO 4008 --- [BookstoreAdmin] [restartedMain] .s.d.r.c.RepositoryConfigurationDelegate : Finished Spring Data repository scanning in 58 ms. Found 2 JPA repository interfaces.
2024-06-20T15:25:38.588+07:00  INFO 4008 --- [BookstoreAdmin] [restartedMain] o.s.b.w.embedded.tomcat.TomcatWebServer  : Tomcat initialized with port 8080 (http)
2024-06-20T15:25:38.602+07:00  INFO 4008 --- [BookstoreAdmin] [restartedMain] o.apache.catalina.core.StandardService   : Starting service [Tomcat]
2024-06-20T15:25:38.602+07:00  INFO 4008 --- [BookstoreAdmin] [restartedMain] o.apache.catalina.core.StandardEngine    : Starting Servlet engine: [Apache Tomcat/10.1.20]
2024-06-20T15:25:38.659+07:00  INFO 4008 --- [BookstoreAdmin] [restartedMain] o.a.c.c.C.[.[.[/bookstoreadmin]          : Initializing Spring embedded WebApplicationContext
2024-06-20T15:25:38.659+07:00  INFO 4008 --- [BookstoreAdmin] [restartedMain] w.s.c.ServletWebServerApplicationContext : Root WebApplicationContext: initialization completed in 1571 ms
2024-06-20T15:25:38.875+07:00  INFO 4008 --- [BookstoreAdmin] [restartedMain] o.hibernate.jpa.internal.util.LogHelper  : HHH000204: Processing PersistenceUnitInfo [name: default]
2024-06-20T15:25:38.952+07:00  INFO 4008 --- [BookstoreAdmin] [restartedMain] org.hibernate.Version                    : HHH000412: Hibernate ORM core version 6.4.4.Final
2024-06-20T15:25:38.996+07:00  INFO 4008 --- [BookstoreAdmin] [restartedMain] o.h.c.internal.RegionFactoryInitiator    : HHH000026: Second-level cache disabled
2024-06-20T15:25:39.258+07:00  INFO 4008 --- [BookstoreAdmin] [restartedMain] o.s.o.j.p.SpringPersistenceUnitInfo      : No LoadTimeWeaver setup: ignoring JPA class transformer
2024-06-20T15:25:39.302+07:00  INFO 4008 --- [BookstoreAdmin] [restartedMain] com.zaxxer.hikari.HikariDataSource       : HikariPool-1 - Starting...
2024-06-20T15:25:39.612+07:00  INFO 4008 --- [BookstoreAdmin] [restartedMain] com.zaxxer.hikari.pool.HikariPool        : HikariPool-1 - Added connection ConnectionID:1 ClientConnectionId: 91b17edd-ea6d-49e9-a802-7812a89cf249
2024-06-20T15:25:39.614+07:00  INFO 4008 --- [BookstoreAdmin] [restartedMain] com.zaxxer.hikari.HikariDataSource       : HikariPool-1 - Start completed.
2024-06-20T15:25:39.644+07:00  WARN 4008 --- [BookstoreAdmin] [restartedMain] org.hibernate.orm.deprecation            : HHH90000025: SQLServerDialect does not need to be specified explicitly using 'hibernate.dialect' (remove the property setting and it will be selected by default)
2024-06-20T15:25:40.612+07:00  INFO 4008 --- [BookstoreAdmin] [restartedMain] o.h.e.t.j.p.i.JtaPlatformInitiator       : HHH000489: No JTA platform available (set 'hibernate.transaction.jta.platform' to enable JTA platform integration)
2024-06-20T15:25:41.154+07:00  INFO 4008 --- [BookstoreAdmin] [restartedMain] j.LocalContainerEntityManagerFactoryBean : Initialized JPA EntityManagerFactory for persistence unit 'default'
2024-06-20T15:25:41.348+07:00  INFO 4008 --- [BookstoreAdmin] [restartedMain] o.s.d.j.r.query.QueryEnhancerFactory     : Hibernate is in classpath; If applicable, HQL parser will be used.
2024-06-20T15:25:41.895+07:00  WARN 4008 --- [BookstoreAdmin] [restartedMain] JpaBaseConfiguration$JpaWebConfiguration : spring.jpa.open-in-view is enabled by default. Therefore, database queries may be performed during view rendering. Explicitly configure spring.jpa.open-in-view to disable this warning
2024-06-20T15:25:41.981+07:00  INFO 4008 --- [BookstoreAdmin] [restartedMain] o.s.b.a.w.s.WelcomePageHandlerMapping    : Adding welcome page template: index
2024-06-20T15:25:42.426+07:00  INFO 4008 --- [BookstoreAdmin] [restartedMain] o.s.s.web.DefaultSecurityFilterChain     : Will secure any request with [org.springframework.security.web.session.DisableEncodeUrlFilter@c307483, org.springframework.security.web.context.request.async.WebAsyncManagerIntegrationFilter@9a18027, org.springframework.security.web.context.SecurityContextHolderFilter@747557b9, org.springframework.security.web.header.HeaderWriterFilter@3c951ffa, org.springframework.web.filter.CorsFilter@6e3e2790, org.springframework.security.web.csrf.CsrfFilter@24594a3, org.springframework.security.web.authentication.logout.LogoutFilter@3721215c, org.springframework.security.web.authentication.UsernamePasswordAuthenticationFilter@34607ba1, org.springframework.security.web.savedrequest.RequestCacheAwareFilter@6dbf1c25, org.springframework.security.web.servletapi.SecurityContextHolderAwareRequestFilter@11bf42be, org.springframework.security.web.authentication.rememberme.RememberMeAuthenticationFilter@124eb6dd, org.springframework.security.web.authentication.AnonymousAuthenticationFilter@3647c, org.springframework.security.web.access.ExceptionTranslationFilter@bd9a133, org.springframework.security.web.access.intercept.AuthorizationFilter@5e7ef466]
2024-06-20T15:25:42.431+07:00  WARN 4008 --- [BookstoreAdmin] [restartedMain] o.s.s.c.a.web.builders.WebSecurity       : You are asking Spring Security to ignore Mvc [pattern='/images/**']. This is not recommended -- please use permitAll via HttpSecurity#authorizeHttpRequests instead.
2024-06-20T15:25:42.431+07:00  INFO 4008 --- [BookstoreAdmin] [restartedMain] o.s.s.web.DefaultSecurityFilterChain     : Will not secure Mvc [pattern='/images/**']
2024-06-20T15:25:42.431+07:00  WARN 4008 --- [BookstoreAdmin] [restartedMain] o.s.s.c.a.web.builders.WebSecurity       : You are asking Spring Security to ignore Mvc [pattern='/js/**']. This is not recommended -- please use permitAll via HttpSecurity#authorizeHttpRequests instead.
2024-06-20T15:25:42.431+07:00  INFO 4008 --- [BookstoreAdmin] [restartedMain] o.s.s.web.DefaultSecurityFilterChain     : Will not secure Mvc [pattern='/js/**']
2024-06-20T15:25:42.431+07:00  WARN 4008 --- [BookstoreAdmin] [restartedMain] o.s.s.c.a.web.builders.WebSecurity       : You are asking Spring Security to ignore Mvc [pattern='/webjars/**']. This is not recommended -- please use permitAll via HttpSecurity#authorizeHttpRequests instead.
2024-06-20T15:25:42.431+07:00  INFO 4008 --- [BookstoreAdmin] [restartedMain] o.s.s.web.DefaultSecurityFilterChain     : Will not secure Mvc [pattern='/webjars/**']
2024-06-20T15:25:42.657+07:00  INFO 4008 --- [BookstoreAdmin] [restartedMain] o.s.b.d.a.OptionalLiveReloadServer       : LiveReload server is running on port 35729
2024-06-20T15:25:42.694+07:00  INFO 4008 --- [BookstoreAdmin] [restartedMain] o.s.b.w.embedded.tomcat.TomcatWebServer  : Tomcat started on port 8080 (http) with context path '/bookstoreadmin'
2024-06-20T15:25:42.701+07:00  INFO 4008 --- [BookstoreAdmin] [restartedMain] c.b.admin.BookstoreAdminApplication      : Started BookstoreAdminApplication in 6.115 seconds (process running for 6.776)
2024-06-20T15:32:08.888+07:00  INFO 4008 --- [BookstoreAdmin] [RMI TCP Connection(10)-127.0.0.1] inMXBeanRegistrar$SpringApplicationAdmin : Application shutdown requested.
2024-06-20T15:32:08.900+07:00  INFO 4008 --- [BookstoreAdmin] [RMI TCP Connection(10)-127.0.0.1] j.LocalContainerEntityManagerFactoryBean : Closing JPA EntityManagerFactory for persistence unit 'default'
2024-06-20T15:32:08.903+07:00  INFO 4008 --- [BookstoreAdmin] [RMI TCP Connection(10)-127.0.0.1] com.zaxxer.hikari.HikariDataSource       : HikariPool-1 - Shutdown initiated...
2024-06-20T15:32:08.905+07:00  INFO 4008 --- [BookstoreAdmin] [RMI TCP Connection(10)-127.0.0.1] com.zaxxer.hikari.HikariDataSource       : HikariPool-1 - Shutdown completed.
